nativetemplates/build/intermediates/manifest_merge_blame_file/debug/manifest-merger-blame-debug-report.txt
1<?xml version="1.0" encoding="utf-8"?>
2<manifest xmlns:android="http://schemas.android.com/apk/res/android"
3    package="com.google.android.ads.nativetemplates"
4    android:versionCode="1"
5    android:versionName="1.0" >
6
7    <uses-sdk
8        android:minSdkVersion="16"
8-->src\main\AndroidManifest.xml
9        android:targetSdkVersion="29" />
9-->src\main\AndroidManifest.xml
10
11    <application android:supportsRtl="true" >
11-->src\main\AndroidManifest.xml:3:3-7:17
11-->src\main\AndroidManifest.xml:3:16-42
12        <meta-data
12-->src\main\AndroidManifest.xml:4:5-6:65
13            android:name="com.google.android.gms.ads.APPLICATION_ID"
13-->src\main\AndroidManifest.xml:5:9-65
14            android:value="ca-app-pub-1532821601771222~6969847546" />
14-->src\main\AndroidManifest.xml:6:9-63
15    </application>
16
17</manifest>